<?xml version="1.0" encoding="UTF-8"?>
<TestRun id="247d96ba-211f-441d-a981-22e7a69e8a62" name="MDavis@4TCC8P1 2012-06-25 12:20:42" runUser="CLC_DOMAIN\MDavis" xmlns="http://microsoft.com/schemas/VisualStudio/TeamTest/2010">
  <TestSettings name="Local" id="c81e61d7-eda7-4241-abac-4f7c050a0c4f">
    <Description>These are default test settings for a local test run.</Description>
    <Deployment enabled="false" runDeploymentRoot="MDavis_4TCC8P1 2012-06-25 12_20_42">
      <DeploymentItem filename="C:\Users\mdavis\Documents\visual studio 2010\Projects\Specflow\packages\Selenium.Support.2.24.0\lib\net40\WebDriver.Support.dll" />
      <DeploymentItem filename="C:\Users\mdavis\Documents\Visual Studio 2010\Projects\Specflow\packages\Newtonsoft.Json.4.5.1\lib\net40\Newtonsoft.Json.dll" />
      <DeploymentItem filename="C:\Users\mdavis\Documents\visual studio 2010\Projects\Specflow\packages\Newtonsoft.Json.4.5.1\lib\net40\Newtonsoft.Json.dll" />
      <DeploymentItem filename="C:\Users\mdavis\Documents\Visual Studio 2010\Projects\Specflow\packages\Castle.Core.3.0.0.4001\lib\net40-client\Castle.Core.dll" />
      <DeploymentItem filename="C:\Users\mdavis\Documents\visual studio 2010\Projects\Specflow\Chinchilla\bin\Debug\Chinchilla.dll" />
      <DeploymentItem filename="C:\Users\mdavis\Documents\Visual Studio 2010\Projects\Specflow\packages\DotNetZip.1.9.1.8\lib\net20\Ionic.Zip.dll" />
      <DeploymentItem filename="C:\Users\mdavis\Documents\Visual Studio 2010\Projects\Specflow\packages\Selenium.WebDriver.2.24.0\lib\net40\WebDriver.dll" />
      <DeploymentItem filename="C:\Users\mdavis\Documents\visual studio 2010\Projects\Specflow\Specflow\bin\Specflow.dll" />
      <DeploymentItem filename="C:\Users\mdavis\Documents\visual studio 2010\Projects\Specflow\packages\Selenium.WebDriver.2.24.0\lib\net40\WebDriver.dll" />
      <DeploymentItem filename="C:\Users\mdavis\Documents\Visual Studio 2010\Projects\Specflow\packages\Moq.4.0.10827\lib\NET40\Moq.dll" />
      <DeploymentItem filename="C:\Users\mdavis\Documents\visual studio 2010\Projects\Specflow\packages\SpecFlow.1.8.1\lib\net35\TechTalk.SpecFlow.dll" />
      <DeploymentItem filename="C:\Users\mdavis\Documents\visual studio 2010\Projects\Specflow\packages\Castle.Core.3.0.0.4001\lib\net40-client\Castle.Core.dll" />
      <DeploymentItem filename="C:\Users\mdavis\Documents\Visual Studio 2010\Projects\Specflow\packages\Selenium.Support.2.24.0\lib\net40\WebDriver.Support.dll" />
      <DeploymentItem filename="C:\Users\mdavis\Documents\visual studio 2010\Projects\Specflow\packages\DotNetZip.1.9.1.8\lib\net20\Ionic.Zip.dll" />
    </Deployment>
    <Execution>
      <TestTypeSpecific />
      <AgentRule name="Execution Agents">
      </AgentRule>
    </Execution>
  </TestSettings>
  <Times creation="2012-06-25T12:20:42.9559663-07:00" queuing="2012-06-25T12:20:44.3131663-07:00" start="2012-06-25T12:20:44.3599663-07:00" finish="2012-06-25T12:20:50.7111663-07:00" />
  <ResultSummary outcome="Failed">
    <Counters total="4" executed="4" passed="3" error="0" failed="1" timeout="0" aborted="0" inconclusive="0" passedButRunAborted="0" notRunnable="0" notExecuted="0" disconnected="0" warning="0" completed="0" inProgress="0" pending="0" />
  </ResultSummary>
  <TestDefinitions>
    <UnitTest name="ClickLinkTextTest" storage="c:\users\mdavis\documents\visual studio 2010\projects\specflow\chinchilla.tests\bin\debug\chinchilla.tests.dll" id="75228d1f-71c8-c6ea-2c16-67ee9bad2367">
      <Execution id="1591549f-7874-4598-9060-37c8c98fca68" />
      <TestMethod codeBase="C:/Users/mdavis/Documents/Visual Studio 2010/Projects/Specflow/Chinchilla.Tests/bin/Debug/Chinchilla.Tests.DLL" adapterTypeName="Microsoft.VisualStudio.TestTools.TestTypes.Unit.UnitTestAdapter, Microsoft.VisualStudio.QualityTools.Tips.UnitTest.Adapter, Version=10.0.0.0, Culture=neutral, PublicKeyToken=b03f5f7f11d50a3a" className="MJD.Tests.ChinchillaTest, Chinchilla.Tests, Version=1.0.0.0, Culture=neutral, PublicKeyToken=null" name="ClickLinkTextTest" />
    </UnitTest>
    <UnitTest name="NewUserRegisters" storage="c:\users\mdavis\documents\visual studio 2010\projects\specflow\specflow.tests\bin\debug\specflow.tests.dll" id="3e7c6e15-675f-9ab3-bcb4-dce25822e358">
      <Description>New User Registers</Description>
      <Execution id="a0529c71-aaa9-465c-a20a-dc5cc1884e2f" />
      <Properties>
        <Property>
          <Key>FeatureTitle</Key>
          <Value>Addition</Value>
        </Property>
      </Properties>
      <TestMethod codeBase="C:/Users/mdavis/Documents/visual studio 2010/Projects/Specflow/Specflow.Tests/bin/Debug/Specflow.Tests.DLL" adapterTypeName="Microsoft.VisualStudio.TestTools.TestTypes.Unit.UnitTestAdapter, Microsoft.VisualStudio.QualityTools.Tips.UnitTest.Adapter, Version=10.0.0.0, Culture=neutral, PublicKeyToken=b03f5f7f11d50a3a" className="Specflow.Tests.Features.AdditionFeature, Specflow.Tests, Version=1.0.0.0, Culture=neutral, PublicKeyToken=null" name="NewUserRegisters" />
    </UnitTest>
    <UnitTest name="ClickLinkMultipleTest" storage="c:\users\mdavis\documents\visual studio 2010\projects\specflow\chinchilla.tests\bin\debug\chinchilla.tests.dll" id="22d78590-6f93-535f-927a-33217bb8dffa">
      <Execution id="b88fcb73-6bc9-4789-af6d-416b9d9165fa" />
      <TestMethod codeBase="C:/Users/mdavis/Documents/Visual Studio 2010/Projects/Specflow/Chinchilla.Tests/bin/Debug/Chinchilla.Tests.DLL" adapterTypeName="Microsoft.VisualStudio.TestTools.TestTypes.Unit.UnitTestAdapter, Microsoft.VisualStudio.QualityTools.Tips.UnitTest.Adapter, Version=10.0.0.0, Culture=neutral, PublicKeyToken=b03f5f7f11d50a3a" className="MJD.Tests.ChinchillaTest, Chinchilla.Tests, Version=1.0.0.0, Culture=neutral, PublicKeyToken=null" name="ClickLinkMultipleTest" />
    </UnitTest>
    <UnitTest name="ClickLinkNoneTest" storage="c:\users\mdavis\documents\visual studio 2010\projects\specflow\chinchilla.tests\bin\debug\chinchilla.tests.dll" id="7b80570c-6d2b-6e2a-2a63-b546101f8a23">
      <Execution id="1c715cdc-8ceb-45f4-a6ab-97428dd1df95" />
      <TestMethod codeBase="C:/Users/mdavis/Documents/Visual Studio 2010/Projects/Specflow/Chinchilla.Tests/bin/Debug/Chinchilla.Tests.DLL" adapterTypeName="Microsoft.VisualStudio.TestTools.TestTypes.Unit.UnitTestAdapter, Microsoft.VisualStudio.QualityTools.Tips.UnitTest.Adapter, Version=10.0.0.0, Culture=neutral, PublicKeyToken=b03f5f7f11d50a3a" className="MJD.Tests.ChinchillaTest, Chinchilla.Tests, Version=1.0.0.0, Culture=neutral, PublicKeyToken=null" name="ClickLinkNoneTest" />
    </UnitTest>
  </TestDefinitions>
  <TestLists>
    <TestList name="Results Not in a List" id="8c84fa94-04c1-424b-9868-57a2d4851a1d" />
    <TestList name="All Loaded Results" id="19431567-8539-422a-85d7-44ee4e166bda" />
  </TestLists>
  <TestEntries>
    <TestEntry testId="22d78590-6f93-535f-927a-33217bb8dffa" executionId="b88fcb73-6bc9-4789-af6d-416b9d9165fa" testListId="8c84fa94-04c1-424b-9868-57a2d4851a1d" />
    <TestEntry testId="3e7c6e15-675f-9ab3-bcb4-dce25822e358" executionId="a0529c71-aaa9-465c-a20a-dc5cc1884e2f" testListId="8c84fa94-04c1-424b-9868-57a2d4851a1d" />
    <TestEntry testId="75228d1f-71c8-c6ea-2c16-67ee9bad2367" executionId="1591549f-7874-4598-9060-37c8c98fca68" testListId="8c84fa94-04c1-424b-9868-57a2d4851a1d" />
    <TestEntry testId="7b80570c-6d2b-6e2a-2a63-b546101f8a23" executionId="1c715cdc-8ceb-45f4-a6ab-97428dd1df95" testListId="8c84fa94-04c1-424b-9868-57a2d4851a1d" />
  </TestEntries>
  <Results>
    <UnitTestResult executionId="b88fcb73-6bc9-4789-af6d-416b9d9165fa" testId="22d78590-6f93-535f-927a-33217bb8dffa" testName="ClickLinkMultipleTest" computerName="4TCC8P1" duration="00:00:00.3486066" startTime="2012-06-25T12:20:44.3599663-07:00" endTime="2012-06-25T12:20:45.2959663-07:00" testType="13cdc9d9-ddb5-4fa4-a97d-d965ccfc6d4b" outcome="Passed" testListId="8c84fa94-04c1-424b-9868-57a2d4851a1d" relativeResultsDirectory="b88fcb73-6bc9-4789-af6d-416b9d9165fa">
    </UnitTestResult>
    <UnitTestResult executionId="a0529c71-aaa9-465c-a20a-dc5cc1884e2f" testId="3e7c6e15-675f-9ab3-bcb4-dce25822e358" testName="NewUserRegisters" computerName="4TCC8P1" duration="00:00:05.1334350" startTime="2012-06-25T12:20:45.2959663-07:00" endTime="2012-06-25T12:20:50.6643663-07:00" testType="13cdc9d9-ddb5-4fa4-a97d-d965ccfc6d4b" outcome="Failed" testListId="8c84fa94-04c1-424b-9868-57a2d4851a1d" relativeResultsDirectory="a0529c71-aaa9-465c-a20a-dc5cc1884e2f">
      <Output>
        <StdOut>Given I'm on /
-&gt; error: Exception has been thrown by the target of an invocation.
When I click on the Register link
-&gt; skipped because of previous errors</StdOut>
        <ErrorInfo>
          <Message>Test method Specflow.Tests.Features.AdditionFeature.NewUserRegisters threw exception: 
System.Reflection.TargetInvocationException: Exception has been thrown by the target of an invocation. ---&gt; System.ArgumentNullException: Value cannot be null.
Parameter name: uriString</Message>
          <StackTrace>    at System.Uri..ctor(String uriString)
   at MJD.Chinchilla..ctor(IWebDriver browser, String rootUrl) in C:\Users\mdavis\Documents\visual studio 2010\Projects\Specflow\Chinchilla\Chinchilla.cs:line 26
   at CLC.Web.UiTests.StepDefinitions.StepDefinitions..ctor() in C:\Users\mdavis\Documents\visual studio 2010\Projects\Specflow\Specflow.Tests\StepDefinitions\StepDefinitions.cs:line 13
 --- End of inner exception stack trace ---
    at System.RuntimeMethodHandle._InvokeConstructor(IRuntimeMethodInfo method, Object[] args, SignatureStruct&amp; signature, RuntimeType declaringType)
   at System.RuntimeMethodHandle.InvokeConstructor(IRuntimeMethodInfo method, Object[] args, SignatureStruct signature, RuntimeType declaringType)
   at System.Reflection.RuntimeConstructorInfo.Invoke(BindingFlags invokeAttr, Binder binder, Object[] parameters, CultureInfo culture)
   at BoDi.ObjectContainer.CreateObject(Type type, IEnumerable`1 resolutionPath)
   at BoDi.ObjectContainer.TypeRegistration.Resolve(ObjectContainer container, RegistrationKey keyToResolve, IEnumerable`1 resolutionPath)
   at BoDi.ObjectContainer.CreateObjectFor(RegistrationKey keyToResolve, IEnumerable`1 resolutionPath)
   at BoDi.ObjectContainer.Resolve(Type typeToResolve, IEnumerable`1 resolutionPath, String name)
   at BoDi.ObjectContainer.Resolve(Type typeToResolve, String name)
   at lambda_method(Closure , IContextManager , String )
   at TechTalk.SpecFlow.Bindings.MethodBinding.InvokeAction(IContextManager contextManager, Object[] arguments, ITestTracer testTracer, TimeSpan&amp; duration)
   at TechTalk.SpecFlow.Bindings.StepDefinitionBinding.Invoke(IContextManager contextManager, ITestTracer testTracer, Object[] arguments, TimeSpan&amp; duration)
   at TechTalk.SpecFlow.Infrastructure.TestExecutionEngine.ExecuteStepMatch(BindingMatch match, Object[] arguments)
   at TechTalk.SpecFlow.Infrastructure.TestExecutionEngine.ExecuteStep(StepArgs stepArgs)
   at TechTalk.SpecFlow.Infrastructure.TestExecutionEngine.OnAfterLastStep()
   at TechTalk.SpecFlow.TestRunner.CollectScenarioErrors()
   at Specflow.Tests.Features.AdditionFeature.ScenarioCleanup() in C:\Users\mdavis\Documents\visual studio 2010\Projects\Specflow\Specflow.Tests\Features\Menu1.feature.cs:line 0
   at Specflow.Tests.Features.AdditionFeature.NewUserRegisters() in c:\Users\mdavis\Documents\Visual Studio 2010\Projects\Specflow\Specflow.Tests\Features\Menu.feature:line 9
</StackTrace>
        </ErrorInfo>
      </Output>
    </UnitTestResult>
    <UnitTestResult executionId="1591549f-7874-4598-9060-37c8c98fca68" testId="75228d1f-71c8-c6ea-2c16-67ee9bad2367" testName="ClickLinkTextTest" computerName="4TCC8P1" duration="00:00:00.0032957" startTime="2012-06-25T12:20:50.6643663-07:00" endTime="2012-06-25T12:20:50.6799663-07:00" testType="13cdc9d9-ddb5-4fa4-a97d-d965ccfc6d4b" outcome="Passed" testListId="8c84fa94-04c1-424b-9868-57a2d4851a1d" relativeResultsDirectory="1591549f-7874-4598-9060-37c8c98fca68">
    </UnitTestResult>
    <UnitTestResult executionId="1c715cdc-8ceb-45f4-a6ab-97428dd1df95" testId="7b80570c-6d2b-6e2a-2a63-b546101f8a23" testName="ClickLinkNoneTest" computerName="4TCC8P1" duration="00:00:00.0015696" startTime="2012-06-25T12:20:50.6799663-07:00" endTime="2012-06-25T12:20:50.6799663-07:00" testType="13cdc9d9-ddb5-4fa4-a97d-d965ccfc6d4b" outcome="Passed" testListId="8c84fa94-04c1-424b-9868-57a2d4851a1d" relativeResultsDirectory="1c715cdc-8ceb-45f4-a6ab-97428dd1df95">
    </UnitTestResult>
  </Results>
</TestRun>